
===========================================================================
report_checks -unconstrained
============================================================================
Startpoint: signal_pipe_ID_EX._1508_
            (rising edge-triggered flip-flop clocked by clk)
Endpoint: signal_pipe_EX_MEM._1366_
          (rising edge-triggered flip-flop clocked by clk)
Path Group: clk
Path Type: max

Fanout     Cap    Slew   Delay    Time   Description
-----------------------------------------------------------------------------
                  0.15    0.00    0.00   clock clk (rise edge)
                          0.00    0.00   clock network delay (ideal)
                  0.15    0.00    0.00 ^ signal_pipe_ID_EX._1508_/CLK (sky130_fd_sc_hd__dfrtp_2)
                  0.05    0.39    0.39 ^ signal_pipe_ID_EX._1508_/Q (sky130_fd_sc_hd__dfrtp_2)
     2    0.00                           alu_operand_mux.select_a (net)
                  0.05    0.00    0.39 ^ alu_operand_mux._067_/A (sky130_fd_sc_hd__buf_1)
                  0.53    0.43    0.83 ^ alu_operand_mux._067_/X (sky130_fd_sc_hd__buf_1)
    14    0.04                           alu_operand_mux._000_ (net)
                  0.53    0.00    0.83 ^ alu_operand_mux._068_/A (sky130_fd_sc_hd__buf_1)
                  1.01    0.85    1.67 ^ alu_operand_mux._068_/X (sky130_fd_sc_hd__buf_1)
    26    0.09                           alu_operand_mux._001_ (net)
                  1.01    0.00    1.67 ^ alu_operand_mux._069_/S (sky130_fd_sc_hd__mux2_2)
                  0.05    0.31    1.99 ^ alu_operand_mux._069_/X (sky130_fd_sc_hd__mux2_2)
     1    0.00                           alu_operand_mux._002_ (net)
                  0.05    0.00    1.99 ^ alu_operand_mux._070_/A (sky130_fd_sc_hd__buf_1)
                  0.07    0.11    2.09 ^ alu_operand_mux._070_/X (sky130_fd_sc_hd__buf_1)
     3    0.01                           alu.alu_in_1[0] (net)
                  0.07    0.00    2.09 ^ alu._13386_/A (sky130_fd_sc_hd__buf_1)
                  0.86    0.68    2.78 ^ alu._13386_/X (sky130_fd_sc_hd__buf_1)
    29    0.07                           alu._06899_ (net)
                  0.86    0.00    2.78 ^ alu._14426_/A (sky130_fd_sc_hd__buf_1)
                  1.05    0.89    3.67 ^ alu._14426_/X (sky130_fd_sc_hd__buf_1)
    27    0.09                           alu._03871_ (net)
                  1.05    0.00    3.67 ^ alu._14502_/B2 (sky130_fd_sc_hd__a22oi_2)
                  0.21    0.17    3.84 v alu._14502_/Y (sky130_fd_sc_hd__a22oi_2)
     3    0.01                           alu._03946_ (net)
                  0.21    0.00    3.84 v alu._14504_/B (sky130_fd_sc_hd__or3_2)
                  0.09    0.55    4.39 v alu._14504_/X (sky130_fd_sc_hd__or3_2)
     2    0.01                           alu._03948_ (net)
                  0.09    0.00    4.39 v alu._14508_/A1 (sky130_fd_sc_hd__a21o_2)
                  0.05    0.23    4.62 v alu._14508_/X (sky130_fd_sc_hd__a21o_2)
     3    0.01                           alu._03952_ (net)
                  0.05    0.00    4.62 v alu._14591_/A2 (sky130_fd_sc_hd__a21bo_2)
                  0.04    0.23    4.85 v alu._14591_/X (sky130_fd_sc_hd__a21bo_2)
     2    0.01                           alu._04034_ (net)
                  0.04    0.00    4.85 v alu._14592_/C (sky130_fd_sc_hd__and3_2)
                  0.07    0.26    5.10 v alu._14592_/X (sky130_fd_sc_hd__and3_2)
     5    0.02                           alu._04035_ (net)
                  0.07    0.00    5.10 v alu._14594_/B (sky130_fd_sc_hd__or3_2)
                  0.09    0.50    5.60 v alu._14594_/X (sky130_fd_sc_hd__or3_2)
     2    0.01                           alu._04037_ (net)
                  0.09    0.00    5.60 v alu._14599_/B1 (sky130_fd_sc_hd__o211a_2)
                  0.06    0.18    5.78 v alu._14599_/X (sky130_fd_sc_hd__o211a_2)
     4    0.01                           alu._04042_ (net)
                  0.06    0.00    5.78 v alu._14600_/B (sky130_fd_sc_hd__nor3b_2)
                  0.33    0.32    6.10 ^ alu._14600_/Y (sky130_fd_sc_hd__nor3b_2)
     5    0.02                           alu._04043_ (net)
                  0.33    0.00    6.10 ^ alu._14602_/B1 (sky130_fd_sc_hd__a211oi_2)
                  0.09    0.10    6.20 v alu._14602_/Y (sky130_fd_sc_hd__a211oi_2)
     2    0.01                           alu._04045_ (net)
                  0.09    0.00    6.20 v alu._14604_/C (sky130_fd_sc_hd__or4b_2)
                  0.13    0.69    6.89 v alu._14604_/X (sky130_fd_sc_hd__or4b_2)
     4    0.01                           alu._04047_ (net)
                  0.13    0.00    6.89 v alu._14753_/A (sky130_fd_sc_hd__or2_2)
                  0.08    0.37    7.26 v alu._14753_/X (sky130_fd_sc_hd__or2_2)
     3    0.01                           alu._04194_ (net)
                  0.08    0.00    7.26 v alu._14754_/B1 (sky130_fd_sc_hd__a21o_2)
                  0.05    0.23    7.49 v alu._14754_/X (sky130_fd_sc_hd__a21o_2)
     3    0.01                           alu._04195_ (net)
                  0.05    0.00    7.49 v alu._14966_/A (sky130_fd_sc_hd__or4_2)
                  0.12    0.73    8.21 v alu._14966_/X (sky130_fd_sc_hd__or4_2)
     3    0.01                           alu._04406_ (net)
                  0.12    0.00    8.21 v alu._14969_/A2 (sky130_fd_sc_hd__a31o_2)
                  0.04    0.27    8.49 v alu._14969_/X (sky130_fd_sc_hd__a31o_2)
     2    0.00                           alu._04410_ (net)
                  0.04    0.00    8.49 v alu._14974_/A3 (sky130_fd_sc_hd__a31o_2)
                  0.05    0.27    8.75 v alu._14974_/X (sky130_fd_sc_hd__a31o_2)
     3    0.01                           alu._04414_ (net)
                  0.05    0.00    8.75 v alu._15171_/A1 (sky130_fd_sc_hd__o211a_2)
                  0.05    0.28    9.04 v alu._15171_/X (sky130_fd_sc_hd__o211a_2)
     3    0.01                           alu._04630_ (net)
                  0.05    0.00    9.04 v alu._15286_/A2 (sky130_fd_sc_hd__o21ai_2)
                  0.14    0.15    9.19 ^ alu._15286_/Y (sky130_fd_sc_hd__o21ai_2)
     3    0.01                           alu._04755_ (net)
                  0.14    0.00    9.19 ^ alu._15290_/A (sky130_fd_sc_hd__nand2_2)
                  0.08    0.11    9.30 v alu._15290_/Y (sky130_fd_sc_hd__nand2_2)
     4    0.02                           alu._04759_ (net)
                  0.08    0.00    9.30 v alu._15493_/A1 (sky130_fd_sc_hd__a21oi_2)
                  0.14    0.18    9.48 ^ alu._15493_/Y (sky130_fd_sc_hd__a21oi_2)
     1    0.01                           alu._04981_ (net)
                  0.14    0.00    9.48 ^ alu._15494_/B (sky130_fd_sc_hd__xnor2_2)
                  0.05    0.06    9.54 v alu._15494_/Y (sky130_fd_sc_hd__xnor2_2)
     1    0.00                           alu._04982_ (net)
                  0.05    0.00    9.54 v alu._15495_/B (sky130_fd_sc_hd__and2_2)
                  0.03    0.19    9.73 v alu._15495_/X (sky130_fd_sc_hd__and2_2)
     1    0.00                           alu._04983_ (net)
                  0.03    0.00    9.73 v alu._15514_/A (sky130_fd_sc_hd__or4b_2)
                  0.09    0.68   10.41 v alu._15514_/X (sky130_fd_sc_hd__or4b_2)
     1    0.00                           alu._05004_ (net)
                  0.09    0.00   10.41 v alu._15515_/A (sky130_fd_sc_hd__buf_1)
                  0.03    0.12   10.52 v alu._15515_/X (sky130_fd_sc_hd__buf_1)
     2    0.00                           alu.alu_out[17] (net)
                  0.03    0.00   10.52 v alu._26358_/B (sky130_fd_sc_hd__or4_2)
                  0.09    0.64   11.17 v alu._26358_/X (sky130_fd_sc_hd__or4_2)
     1    0.00                           alu._03726_ (net)
                  0.09    0.00   11.17 v alu._26359_/D (sky130_fd_sc_hd__or4_2)
                  0.09    0.55   11.72 v alu._26359_/X (sky130_fd_sc_hd__or4_2)
     1    0.00                           alu._03727_ (net)
                  0.09    0.00   11.72 v alu._26360_/D (sky130_fd_sc_hd__or4_2)
                  0.09    0.55   12.27 v alu._26360_/X (sky130_fd_sc_hd__or4_2)
     1    0.00                           alu._03728_ (net)
                  0.09    0.00   12.27 v alu._26361_/D (sky130_fd_sc_hd__or4_2)
                  0.09    0.55   12.83 v alu._26361_/X (sky130_fd_sc_hd__or4_2)
     1    0.00                           alu._03729_ (net)
                  0.09    0.00   12.83 v alu._26362_/D (sky130_fd_sc_hd__or4_2)
                  0.09    0.55   13.38 v alu._26362_/X (sky130_fd_sc_hd__or4_2)
     1    0.00                           alu._03730_ (net)
                  0.09    0.00   13.38 v alu._26363_/C (sky130_fd_sc_hd__or3_2)
                  0.08    0.45   13.83 v alu._26363_/X (sky130_fd_sc_hd__or3_2)
     1    0.00                           alu._03731_ (net)
                  0.08    0.00   13.83 v alu._26364_/D (sky130_fd_sc_hd__nor4_2)
                  0.16    0.12   13.95 ^ alu._26364_/Y (sky130_fd_sc_hd__nor4_2)
     1    0.00                           alu._03732_ (net)
                  0.16    0.00   13.95 ^ alu._26366_/C (sky130_fd_sc_hd__and4bb_2)
                  0.04    0.24   14.18 ^ alu._26366_/X (sky130_fd_sc_hd__and4bb_2)
     1    0.00                           alu._03734_ (net)
                  0.04    0.00   14.18 ^ alu._26367_/D_N (sky130_fd_sc_hd__or4b_2)
                  0.09    0.58   14.77 v alu._26367_/X (sky130_fd_sc_hd__or4b_2)
     1    0.00                           alu._03735_ (net)
                  0.09    0.00   14.77 v alu._26368_/D (sky130_fd_sc_hd__or4_2)
                  0.09    0.55   15.32 v alu._26368_/X (sky130_fd_sc_hd__or4_2)
     1    0.00                           alu._03737_ (net)
                  0.09    0.00   15.32 v alu._26370_/C (sky130_fd_sc_hd__or4b_2)
                  0.09    0.63   15.95 v alu._26370_/X (sky130_fd_sc_hd__or4b_2)
     1    0.00                           alu._03739_ (net)
                  0.09    0.00   15.95 v alu._26371_/D (sky130_fd_sc_hd__or4_2)
                  0.09    0.55   16.50 v alu._26371_/X (sky130_fd_sc_hd__or4_2)
     1    0.00                           alu._03740_ (net)
                  0.09    0.00   16.50 v alu._26374_/C (sky130_fd_sc_hd__or4_2)
                  0.09    0.63   17.13 v alu._26374_/X (sky130_fd_sc_hd__or4_2)
     1    0.00                           alu._03743_ (net)
                  0.09    0.00   17.13 v alu._26375_/D (sky130_fd_sc_hd__or4_2)
                  0.11    0.58   17.71 v alu._26375_/X (sky130_fd_sc_hd__or4_2)
     1    0.00                           alu._03744_ (net)
                  0.11    0.00   17.71 v alu._26376_/D (sky130_fd_sc_hd__nor4_2)
                  0.16    0.14   17.84 ^ alu._26376_/Y (sky130_fd_sc_hd__nor4_2)
     1    0.00                           alu.zero_flag (net)
                  0.16    0.00   17.84 ^ signal_pipe_EX_MEM._0932_/A1 (sky130_fd_sc_hd__mux2_2)
                  0.04    0.18   18.02 ^ signal_pipe_EX_MEM._0932_/X (sky130_fd_sc_hd__mux2_2)
     1    0.00                           signal_pipe_EX_MEM._0405_ (net)
                  0.04    0.00   18.02 ^ signal_pipe_EX_MEM._0933_/A (sky130_fd_sc_hd__buf_1)
                  0.04    0.08   18.10 ^ signal_pipe_EX_MEM._0933_/X (sky130_fd_sc_hd__buf_1)
     1    0.00                           signal_pipe_EX_MEM._0160_ (net)
                  0.04    0.00   18.10 ^ signal_pipe_EX_MEM._1366_/D (sky130_fd_sc_hd__dfrtp_2)
                                 18.10   data arrival time

                  0.15   20.00   20.00   clock clk (rise edge)
                          0.00   20.00   clock network delay (ideal)
                         -0.25   19.75   clock uncertainty
                          0.00   19.75   clock reconvergence pessimism
                                 19.75 ^ signal_pipe_EX_MEM._1366_/CLK (sky130_fd_sc_hd__dfrtp_2)
                         -0.05   19.70   library setup time
                                 19.70   data required time
-----------------------------------------------------------------------------
                                 19.70   data required time
                                -18.10   data arrival time
-----------------------------------------------------------------------------
                                  1.61   slack (MET)



===========================================================================
report_checks --slack_max -0.01
============================================================================
No paths found.
