
===========================================================================
report_checks -unconstrained
============================================================================
Startpoint: signal_pipe_ID_EX._1508_
            (rising edge-triggered flip-flop clocked by clk)
Endpoint: signal_pipe_EX_MEM._1366_
          (rising edge-triggered flip-flop clocked by clk)
Path Group: clk
Path Type: max

Fanout     Cap    Slew   Delay    Time   Description
-----------------------------------------------------------------------------
                          0.00    0.00   clock clk (rise edge)
                          0.00    0.00   clock source latency
                  0.58    0.43    0.43 ^ clk (in)
     2    0.13                           clk (net)
                  0.58    0.00    0.43 ^ clkbuf_0_clk/A (sky130_fd_sc_hd__clkbuf_16)
                  0.15    0.35    0.78 ^ clkbuf_0_clk/X (sky130_fd_sc_hd__clkbuf_16)
     4    0.14                           clknet_0_clk (net)
                  0.16    0.02    0.80 ^ clkbuf_2_1_0_clk/A (sky130_fd_sc_hd__clkbuf_8)
                  0.11    0.23    1.03 ^ clkbuf_2_1_0_clk/X (sky130_fd_sc_hd__clkbuf_8)
     2    0.06                           clknet_2_1_0_clk (net)
                  0.12    0.01    1.04 ^ clkbuf_3_3_0_clk/A (sky130_fd_sc_hd__clkbuf_8)
                  0.15    0.24    1.28 ^ clkbuf_3_3_0_clk/X (sky130_fd_sc_hd__clkbuf_8)
     4    0.08                           clknet_3_3_0_clk (net)
                  0.15    0.01    1.29 ^ clkbuf_5_14__f_clk/A (sky130_fd_sc_hd__clkbuf_16)
                  0.11    0.23    1.52 ^ clkbuf_5_14__f_clk/X (sky130_fd_sc_hd__clkbuf_16)
     7    0.09                           clknet_5_14__leaf_clk (net)
                  0.11    0.00    1.52 ^ clkbuf_leaf_89_clk/A (sky130_fd_sc_hd__clkbuf_16)
                  0.05    0.17    1.69 ^ clkbuf_leaf_89_clk/X (sky130_fd_sc_hd__clkbuf_16)
     8    0.03                           clknet_leaf_89_clk (net)
                  0.05    0.00    1.69 ^ signal_pipe_ID_EX._1508_/CLK (sky130_fd_sc_hd__dfrtp_1)
                  0.10    0.38    2.07 ^ signal_pipe_ID_EX._1508_/Q (sky130_fd_sc_hd__dfrtp_1)
     2    0.01                           alu_operand_mux.select_a (net)
                  0.10    0.00    2.07 ^ alu_operand_mux._067_/A (sky130_fd_sc_hd__buf_8)
                  0.22    0.25    2.32 ^ alu_operand_mux._067_/X (sky130_fd_sc_hd__buf_8)
    14    0.14                           alu_operand_mux._000_ (net)
                  0.22    0.01    2.32 ^ alu_operand_mux._068_/A (sky130_fd_sc_hd__buf_12)
                  0.20    0.27    2.59 ^ alu_operand_mux._068_/X (sky130_fd_sc_hd__buf_12)
    26    0.17                           alu_operand_mux._001_ (net)
                  0.20    0.02    2.61 ^ alu_operand_mux._069_/S (sky130_fd_sc_hd__mux2_2)
                  0.17    0.52    3.13 v alu_operand_mux._069_/X (sky130_fd_sc_hd__mux2_2)
     1    0.06                           alu_operand_mux._002_ (net)
                  0.17    0.01    3.14 v alu_operand_mux._070_/A (sky130_fd_sc_hd__dlymetal6s2s_1)
                  0.09    0.25    3.39 v alu_operand_mux._070_/X (sky130_fd_sc_hd__dlymetal6s2s_1)
     3    0.01                           alu.alu_in_1[0] (net)
                  0.09    0.00    3.39 v alu._13386_/A (sky130_fd_sc_hd__buf_12)
                  0.09    0.20    3.59 v alu._13386_/X (sky130_fd_sc_hd__buf_12)
    29    0.16                           alu._06899_ (net)
                  0.10    0.02    3.61 v alu._14426_/A (sky130_fd_sc_hd__buf_12)
                  0.10    0.20    3.82 v alu._14426_/X (sky130_fd_sc_hd__buf_12)
    27    0.17                           alu._03871_ (net)
                  0.11    0.02    3.84 v alu._15594_/A (sky130_fd_sc_hd__and4_1)
                  0.06    0.20    4.04 v alu._15594_/X (sky130_fd_sc_hd__and4_1)
     3    0.01                           alu._05091_ (net)
                  0.06    0.00    4.04 v alu._15595_/C (sky130_fd_sc_hd__or3_1)
                  0.09    0.35    4.39 v alu._15595_/X (sky130_fd_sc_hd__or3_1)
     2    0.01                           alu._05092_ (net)
                  0.09    0.00    4.39 v alu._15599_/A1 (sky130_fd_sc_hd__a21o_1)
                  0.06    0.20    4.60 v alu._15599_/X (sky130_fd_sc_hd__a21o_1)
     3    0.01                           alu._05097_ (net)
                  0.06    0.00    4.60 v alu._15713_/A2 (sky130_fd_sc_hd__a21bo_1)
                  0.06    0.22    4.82 v alu._15713_/X (sky130_fd_sc_hd__a21bo_1)
     2    0.01                           alu._05221_ (net)
                  0.06    0.00    4.82 v alu._15715_/B1 (sky130_fd_sc_hd__a21o_1)
                  0.08    0.21    5.03 v alu._15715_/X (sky130_fd_sc_hd__a21o_1)
     3    0.01                           alu._05223_ (net)
                  0.08    0.00    5.03 v alu._15716_/C (sky130_fd_sc_hd__and3_1)
                  0.08    0.24    5.27 v alu._15716_/X (sky130_fd_sc_hd__and3_1)
     2    0.01                           alu._05224_ (net)
                  0.08    0.00    5.27 v alu._15719_/A1 (sky130_fd_sc_hd__o211a_2)
                  0.09    0.34    5.62 v alu._15719_/X (sky130_fd_sc_hd__o211a_2)
     3    0.02                           alu._05228_ (net)
                  0.09    0.00    5.62 v alu._15720_/D (sky130_fd_sc_hd__or4_2)
                  0.15    0.66    6.28 v alu._15720_/X (sky130_fd_sc_hd__or4_2)
     2    0.02                           alu._05229_ (net)
                  0.15    0.00    6.28 v alu._15722_/B1 (sky130_fd_sc_hd__o211ai_4)
                  0.21    0.16    6.43 ^ alu._15722_/Y (sky130_fd_sc_hd__o211ai_4)
     4    0.02                           alu._05231_ (net)
                  0.21    0.00    6.43 ^ alu._15724_/C_N (sky130_fd_sc_hd__or4bb_2)
                  0.15    0.76    7.19 v alu._15724_/X (sky130_fd_sc_hd__or4bb_2)
     4    0.02                           alu._05233_ (net)
                  0.15    0.00    7.19 v alu._15726_/B1 (sky130_fd_sc_hd__o211a_1)
                  0.06    0.20    7.40 v alu._15726_/X (sky130_fd_sc_hd__o211a_1)
     3    0.01                           alu._05235_ (net)
                  0.06    0.00    7.40 v alu._15728_/B (sky130_fd_sc_hd__or3_1)
                  0.09    0.40    7.79 v alu._15728_/X (sky130_fd_sc_hd__or3_1)
     2    0.01                           alu._05238_ (net)
                  0.09    0.00    7.79 v alu._15731_/A1 (sky130_fd_sc_hd__a211o_1)
                  0.07    0.30    8.10 v alu._15731_/X (sky130_fd_sc_hd__a211o_1)
     2    0.01                           alu._05241_ (net)
                  0.07    0.00    8.10 v alu._15732_/B (sky130_fd_sc_hd__and2b_1)
                  0.07    0.21    8.30 v alu._15732_/X (sky130_fd_sc_hd__and2b_1)
     3    0.01                           alu._05242_ (net)
                  0.07    0.00    8.30 v alu._15734_/A (sky130_fd_sc_hd__xnor2_1)
                  0.28    0.29    8.60 ^ alu._15734_/Y (sky130_fd_sc_hd__xnor2_1)
     2    0.01                           alu._05244_ (net)
                  0.28    0.00    8.60 ^ alu._15735_/B (sky130_fd_sc_hd__xor2_2)
                  0.26    0.29    8.89 ^ alu._15735_/X (sky130_fd_sc_hd__xor2_2)
     2    0.02                           alu._05245_ (net)
                  0.26    0.00    8.89 ^ alu._15736_/B (sky130_fd_sc_hd__xor2_2)
                  0.27    0.30    9.19 ^ alu._15736_/X (sky130_fd_sc_hd__xor2_2)
     3    0.02                           alu._05246_ (net)
                  0.27    0.00    9.19 ^ alu._15892_/B (sky130_fd_sc_hd__nand2_1)
                  0.06    0.10    9.29 v alu._15892_/Y (sky130_fd_sc_hd__nand2_1)
     1    0.00                           alu._05417_ (net)
                  0.06    0.00    9.29 v alu._15893_/C1 (sky130_fd_sc_hd__a211o_1)
                  0.14    0.34    9.63 v alu._15893_/X (sky130_fd_sc_hd__a211o_1)
     2    0.02                           alu._05418_ (net)
                  0.14    0.00    9.63 v alu._16452_/A2 (sky130_fd_sc_hd__a2111o_1)
                  0.10    0.51   10.14 v alu._16452_/X (sky130_fd_sc_hd__a2111o_1)
     2    0.01                           alu._06029_ (net)
                  0.10    0.00   10.14 v alu._16453_/B (sky130_fd_sc_hd__and2_1)
                  0.08    0.24   10.38 v alu._16453_/X (sky130_fd_sc_hd__and2_1)
     4    0.01                           alu._06030_ (net)
                  0.08    0.00   10.38 v alu._16483_/A (sky130_fd_sc_hd__or2b_1)
                  0.04    0.24   10.62 v alu._16483_/X (sky130_fd_sc_hd__or2b_1)
     1    0.00                           alu._06062_ (net)
                  0.04    0.00   10.62 v alu._16484_/B (sky130_fd_sc_hd__nand2_1)
                  0.07    0.08   10.70 ^ alu._16484_/Y (sky130_fd_sc_hd__nand2_1)
     2    0.01                           alu._06063_ (net)
                  0.07    0.00   10.70 ^ alu._16615_/A1 (sky130_fd_sc_hd__a21oi_1)
                  0.07    0.06   10.76 v alu._16615_/Y (sky130_fd_sc_hd__a21oi_1)
     1    0.00                           alu._06207_ (net)
                  0.07    0.00   10.76 v alu._16633_/A (sky130_fd_sc_hd__or4b_2)
                  0.20    0.87   11.63 v alu._16633_/X (sky130_fd_sc_hd__or4b_2)
     1    0.03                           alu._06227_ (net)
                  0.20    0.00   11.63 v alu._16634_/A (sky130_fd_sc_hd__clkbuf_1)
                  0.04    0.17   11.80 v alu._16634_/X (sky130_fd_sc_hd__clkbuf_1)
     2    0.01                           alu.alu_out[25] (net)
                  0.04    0.00   11.80 v alu._26361_/B (sky130_fd_sc_hd__or4_1)
                  0.09    0.53   12.33 v alu._26361_/X (sky130_fd_sc_hd__or4_1)
     1    0.00                           alu._03729_ (net)
                  0.09    0.00   12.33 v alu._26362_/D (sky130_fd_sc_hd__or4_1)
                  0.09    0.45   12.78 v alu._26362_/X (sky130_fd_sc_hd__or4_1)
     1    0.00                           alu._03730_ (net)
                  0.09    0.00   12.78 v alu._26363_/C (sky130_fd_sc_hd__or3_1)
                  0.06    0.33   13.11 v alu._26363_/X (sky130_fd_sc_hd__or3_1)
     1    0.00                           alu._03731_ (net)
                  0.06    0.00   13.11 v alu._26364_/D (sky130_fd_sc_hd__nor4_1)
                  0.38    0.31   13.42 ^ alu._26364_/Y (sky130_fd_sc_hd__nor4_1)
     1    0.01                           alu._03732_ (net)
                  0.38    0.00   13.42 ^ alu._26366_/C (sky130_fd_sc_hd__and4bb_1)
                  0.05    0.25   13.67 ^ alu._26366_/X (sky130_fd_sc_hd__and4bb_1)
     1    0.00                           alu._03734_ (net)
                  0.05    0.00   13.67 ^ alu._26367_/D_N (sky130_fd_sc_hd__or4b_1)
                  0.08    0.44   14.11 v alu._26367_/X (sky130_fd_sc_hd__or4b_1)
     1    0.00                           alu._03735_ (net)
                  0.08    0.00   14.11 v alu._26368_/D (sky130_fd_sc_hd__or4_1)
                  0.11    0.46   14.57 v alu._26368_/X (sky130_fd_sc_hd__or4_1)
     1    0.01                           alu._03737_ (net)
                  0.11    0.00   14.57 v alu._26370_/C (sky130_fd_sc_hd__or4b_1)
                  0.11    0.54   15.11 v alu._26370_/X (sky130_fd_sc_hd__or4b_1)
     1    0.01                           alu._03739_ (net)
                  0.11    0.00   15.11 v alu._26371_/D (sky130_fd_sc_hd__or4_1)
                  0.08    0.43   15.55 v alu._26371_/X (sky130_fd_sc_hd__or4_1)
     1    0.00                           alu._03740_ (net)
                  0.08    0.00   15.55 v alu._26374_/C (sky130_fd_sc_hd__or4_1)
                  0.09    0.50   16.05 v alu._26374_/X (sky130_fd_sc_hd__or4_1)
     1    0.00                           alu._03743_ (net)
                  0.09    0.00   16.05 v alu._26375_/D (sky130_fd_sc_hd__or4_1)
                  0.09    0.43   16.48 v alu._26375_/X (sky130_fd_sc_hd__or4_1)
     1    0.00                           alu._03744_ (net)
                  0.09    0.00   16.48 v alu._26376_/D (sky130_fd_sc_hd__nor4_1)
                  0.22    0.18   16.67 ^ alu._26376_/Y (sky130_fd_sc_hd__nor4_1)
     1    0.00                           alu.zero_flag (net)
                  0.22    0.00   16.67 ^ signal_pipe_EX_MEM._0932_/A1 (sky130_fd_sc_hd__mux2_1)
                  0.05    0.18   16.84 ^ signal_pipe_EX_MEM._0932_/X (sky130_fd_sc_hd__mux2_1)
     1    0.00                           signal_pipe_EX_MEM._0405_ (net)
                  0.05    0.00   16.84 ^ signal_pipe_EX_MEM._0933_/A (sky130_fd_sc_hd__clkbuf_1)
                  0.04    0.08   16.93 ^ signal_pipe_EX_MEM._0933_/X (sky130_fd_sc_hd__clkbuf_1)
     1    0.00                           signal_pipe_EX_MEM._0160_ (net)
                  0.04    0.00   16.93 ^ signal_pipe_EX_MEM._1366_/D (sky130_fd_sc_hd__dfrtp_2)
                                 16.93   data arrival time

                         20.00   20.00   clock clk (rise edge)
                          0.00   20.00   clock source latency
                  0.58    0.39   20.39 ^ clk (in)
     2    0.13                           clk (net)
                  0.58    0.00   20.39 ^ clkbuf_0_clk/A (sky130_fd_sc_hd__clkbuf_16)
                  0.15    0.32   20.70 ^ clkbuf_0_clk/X (sky130_fd_sc_hd__clkbuf_16)
     4    0.14                           clknet_0_clk (net)
                  0.16    0.02   20.73 ^ clkbuf_2_1_0_clk/A (sky130_fd_sc_hd__clkbuf_8)
                  0.11    0.21   20.93 ^ clkbuf_2_1_0_clk/X (sky130_fd_sc_hd__clkbuf_8)
     2    0.06                           clknet_2_1_0_clk (net)
                  0.12    0.01   20.94 ^ clkbuf_3_3_0_clk/A (sky130_fd_sc_hd__clkbuf_8)
                  0.15    0.22   21.16 ^ clkbuf_3_3_0_clk/X (sky130_fd_sc_hd__clkbuf_8)
     4    0.08                           clknet_3_3_0_clk (net)
                  0.15    0.00   21.16 ^ clkbuf_5_13__f_clk/A (sky130_fd_sc_hd__clkbuf_16)
                  0.14    0.22   21.39 ^ clkbuf_5_13__f_clk/X (sky130_fd_sc_hd__clkbuf_16)
    10    0.12                           clknet_5_13__leaf_clk (net)
                  0.14    0.01   21.40 ^ clkbuf_leaf_109_clk/A (sky130_fd_sc_hd__clkbuf_16)
                  0.05    0.16   21.55 ^ clkbuf_leaf_109_clk/X (sky130_fd_sc_hd__clkbuf_16)
     7    0.03                           clknet_leaf_109_clk (net)
                  0.05    0.00   21.55 ^ signal_pipe_EX_MEM._1366_/CLK (sky130_fd_sc_hd__dfrtp_2)
                         -0.25   21.30   clock uncertainty
                          0.12   21.43   clock reconvergence pessimism
                         -0.06   21.36   library setup time
                                 21.36   data required time
-----------------------------------------------------------------------------
                                 21.36   data required time
                                -16.93   data arrival time
-----------------------------------------------------------------------------
                                  4.44   slack (MET)



===========================================================================
report_checks --slack_max -0.01
============================================================================
No paths found.
