
===========================================================================
report_checks -unconstrained
============================================================================
Startpoint: instruction_memory.process_for_mem[0].dram_inst
            (falling edge-triggered flip-flop clocked by clk')
Endpoint: data_memory.process_for_mem[0].spad_inst
          (falling edge-triggered flip-flop clocked by clk')
Path Group: clk
Path Type: max

Fanout     Cap    Slew   Delay    Time   Description
-----------------------------------------------------------------------------
                  0.15    0.00    0.00   clock clk' (fall edge)
                          0.00    0.00   clock network delay (ideal)
                  0.15    0.00    0.00 v instruction_memory.process_for_mem[0].dram_inst/clk0 (sky130_sram_2rw_32x128_32)
                  0.01    0.34    0.34 ^ instruction_memory.process_for_mem[0].dram_inst/dout0[22] (sky130_sram_2rw_32x128_32)
     4    0.01                           immediate_extend_u.instruction[22] (net)
                  0.00    0.00    0.34 ^ register_file._08131_/A (sky130_fd_sc_hd__buf_1)
                  0.68    0.53    0.87 ^ register_file._08131_/X (sky130_fd_sc_hd__buf_1)
    24    0.06                           register_file._03239_ (net)
                  0.68    0.00    0.87 ^ register_file._08165_/C (sky130_fd_sc_hd__or3_2)
                  0.08    0.28    1.15 ^ register_file._08165_/X (sky130_fd_sc_hd__or3_2)
     7    0.01                           register_file._03273_ (net)
                  0.08    0.00    1.15 ^ register_file._08166_/B (sky130_fd_sc_hd__or2_2)
                  0.03    0.11    1.26 ^ register_file._08166_/X (sky130_fd_sc_hd__or2_2)
     1    0.00                           register_file._03274_ (net)
                  0.03    0.00    1.26 ^ register_file._08167_/A (sky130_fd_sc_hd__buf_1)
                  0.30    0.26    1.53 ^ register_file._08167_/X (sky130_fd_sc_hd__buf_1)
     7    0.03                           register_file._03275_ (net)
                  0.30    0.00    1.53 ^ register_file._08884_/A (sky130_fd_sc_hd__buf_1)
                  1.07    0.88    2.40 ^ register_file._08884_/X (sky130_fd_sc_hd__buf_1)
    20    0.09                           register_file._03972_ (net)
                  1.07    0.00    2.40 ^ register_file._08956_/A2 (sky130_fd_sc_hd__o2111ai_2)
                  0.13    0.13    2.54 v register_file._08956_/Y (sky130_fd_sc_hd__o2111ai_2)
     1    0.00                           register_file._04042_ (net)
                  0.13    0.00    2.54 v register_file._08963_/C (sky130_fd_sc_hd__or4_2)
                  0.09    0.64    3.18 v register_file._08963_/X (sky130_fd_sc_hd__or4_2)
     1    0.00                           register_file._04049_ (net)
                  0.09    0.00    3.18 v register_file._08972_/A (sky130_fd_sc_hd__or4_2)
                  0.09    0.69    3.87 v register_file._08972_/X (sky130_fd_sc_hd__or4_2)
     1    0.00                           register_file._04058_ (net)
                  0.09    0.00    3.87 v register_file._08973_/A (sky130_fd_sc_hd__buf_1)
                  0.06    0.14    4.01 v register_file._08973_/X (sky130_fd_sc_hd__buf_1)
     2    0.01                           alu_operand_mux.input_b[22] (net)
                  0.06    0.00    4.01 v alu_operand_mux._113_/A0 (sky130_fd_sc_hd__mux2_2)
                  0.05    0.27    4.28 v alu_operand_mux._113_/X (sky130_fd_sc_hd__mux2_2)
     1    0.00                           alu_operand_mux._024_ (net)
                  0.05    0.00    4.28 v alu_operand_mux._114_/A (sky130_fd_sc_hd__buf_1)
                  0.05    0.12    4.39 v alu_operand_mux._114_/X (sky130_fd_sc_hd__buf_1)
     5    0.01                           alu.alu_in_1[22] (net)
                  0.05    0.00    4.39 v alu._13483_/A (sky130_fd_sc_hd__buf_1)
                  0.46    0.44    4.83 v alu._13483_/X (sky130_fd_sc_hd__buf_1)
    29    0.08                           alu._08638_ (net)
                  0.46    0.00    4.83 v alu._13484_/A (sky130_fd_sc_hd__buf_1)
                  0.42    0.55    5.38 v alu._13484_/X (sky130_fd_sc_hd__buf_1)
    28    0.07                           alu._08649_ (net)
                  0.42    0.00    5.38 v alu._13488_/A (sky130_fd_sc_hd__buf_1)
                  0.46    0.57    5.95 v alu._13488_/X (sky130_fd_sc_hd__buf_1)
    28    0.08                           alu._08692_ (net)
                  0.46    0.00    5.95 v alu._13744_/A (sky130_fd_sc_hd__or4_2)
                  0.09    0.81    6.76 v alu._13744_/X (sky130_fd_sc_hd__or4_2)
     1    0.00                           alu._11498_ (net)
                  0.09    0.00    6.76 v alu._13748_/B (sky130_fd_sc_hd__or3_2)
                  0.07    0.47    7.22 v alu._13748_/X (sky130_fd_sc_hd__or3_2)
     1    0.00                           alu._11542_ (net)
                  0.07    0.00    7.22 v alu._13761_/B (sky130_fd_sc_hd__or4_2)
                  0.11    0.68    7.91 v alu._13761_/X (sky130_fd_sc_hd__or4_2)
     1    0.00                           alu._11684_ (net)
                  0.11    0.00    7.91 v alu._13762_/C (sky130_fd_sc_hd__nor3_2)
                  0.68    0.56    8.47 ^ alu._13762_/Y (sky130_fd_sc_hd__nor3_2)
    10    0.04                           alu._11695_ (net)
                  0.68    0.00    8.47 ^ alu._13763_/A (sky130_fd_sc_hd__buf_1)
                  0.84    0.74    9.20 ^ alu._13763_/X (sky130_fd_sc_hd__buf_1)
    28    0.07                           alu._11706_ (net)
                  0.84    0.00    9.20 ^ alu._13843_/A (sky130_fd_sc_hd__buf_1)
                  0.92    0.80   10.00 ^ alu._13843_/X (sky130_fd_sc_hd__buf_1)
    29    0.08                           alu._12583_ (net)
                  0.92    0.00   10.00 ^ alu._13899_/A (sky130_fd_sc_hd__buf_1)
                  0.95    0.82   10.82 ^ alu._13899_/X (sky130_fd_sc_hd__buf_1)
    30    0.08                           alu._00108_ (net)
                  0.95    0.00   10.82 ^ alu._13906_/B (sky130_fd_sc_hd__nand2_2)
                  0.14    0.09   10.91 v alu._13906_/Y (sky130_fd_sc_hd__nand2_2)
     2    0.00                           alu._00185_ (net)
                  0.14    0.00   10.91 v alu._13907_/B (sky130_fd_sc_hd__or2_2)
                  0.07    0.34   11.25 v alu._13907_/X (sky130_fd_sc_hd__or2_2)
     3    0.01                           alu._00196_ (net)
                  0.07    0.00   11.25 v alu._14136_/A0 (sky130_fd_sc_hd__mux2_2)
                  0.05    0.28   11.53 v alu._14136_/X (sky130_fd_sc_hd__mux2_2)
     2    0.00                           alu._02706_ (net)
                  0.05    0.00   11.53 v alu._14405_/A0 (sky130_fd_sc_hd__mux2_2)
                  0.05    0.27   11.80 v alu._14405_/X (sky130_fd_sc_hd__mux2_2)
     2    0.00                           alu._03850_ (net)
                  0.05    0.00   11.80 v alu._14406_/B (sky130_fd_sc_hd__or2_2)
                  0.07    0.31   12.11 v alu._14406_/X (sky130_fd_sc_hd__or2_2)
     3    0.01                           alu._03851_ (net)
                  0.07    0.00   12.11 v alu._14419_/A3 (sky130_fd_sc_hd__o32a_2)
                  0.05    0.33   12.45 v alu._14419_/X (sky130_fd_sc_hd__o32a_2)
     1    0.00                           alu._03864_ (net)
                  0.05    0.00   12.45 v alu._14420_/B1 (sky130_fd_sc_hd__o22a_2)
                  0.04    0.20   12.64 v alu._14420_/X (sky130_fd_sc_hd__o22a_2)
     1    0.00                           alu._03865_ (net)
                  0.04    0.00   12.64 v alu._14421_/C_N (sky130_fd_sc_hd__or3b_2)
                  0.03    0.18   12.83 ^ alu._14421_/X (sky130_fd_sc_hd__or3b_2)
     1    0.00                           alu._03866_ (net)
                  0.03    0.00   12.83 ^ alu._14422_/A (sky130_fd_sc_hd__buf_1)
                  0.13    0.14   12.97 ^ alu._14422_/X (sky130_fd_sc_hd__buf_1)
     3    0.01                           alu.alu_out[6] (net)
                  0.18    0.00   12.97 ^ data_memory.process_for_mem[0].spad_inst/addr0[3] (sky130_sram_2rw_64x128_64)
                                 12.97   data arrival time

                  0.15   50.00   50.00   clock clk' (rise edge)
                          0.00   50.00   clock network delay (ideal)
                         -0.25   49.75   clock uncertainty
                          0.00   49.75   clock reconvergence pessimism
                                 49.75 ^ data_memory.process_for_mem[0].spad_inst/clk0 (sky130_sram_2rw_64x128_64)
                         -0.10   49.65   library setup time
                                 49.65   data required time
-----------------------------------------------------------------------------
                                 49.65   data required time
                                -12.97   data arrival time
-----------------------------------------------------------------------------
                                 36.68   slack (MET)



===========================================================================
report_checks --slack_max -0.01
============================================================================
No paths found.
