
===========================================================================
report_checks -unconstrained
============================================================================
Startpoint: signal_pipe_EX_MEM._1498_
            (rising edge-triggered flip-flop clocked by clk)
Endpoint: data_memory.process_for_mem[0].spad_inst
          (falling edge-triggered flip-flop clocked by clk')
Path Group: clk
Path Type: max

Fanout     Cap    Slew   Delay    Time   Description
-----------------------------------------------------------------------------
                  0.15    0.00    0.00   clock clk (rise edge)
                          0.00    0.00   clock network delay (ideal)
                  0.15    0.00    0.00 ^ signal_pipe_EX_MEM._1498_/CLK (sky130_fd_sc_hd__dfrtp_2)
                  0.06    0.47    0.47 v signal_pipe_EX_MEM._1498_/Q (sky130_fd_sc_hd__dfrtp_2)
     3    0.01                           data_memory.ren (net)
                  0.06    0.00    0.47 v data_memory._4_/A (sky130_fd_sc_hd__or2b_2)
                  0.05    0.30    0.77 v data_memory._4_/X (sky130_fd_sc_hd__or2b_2)
     1    0.00                           data_memory._1_ (net)
                  0.05    0.00    0.77 v data_memory._5_/A (sky130_fd_sc_hd__buf_1)
                  0.05    0.11    0.88 v data_memory._5_/X (sky130_fd_sc_hd__buf_1)
     1    0.01                           data_memory.web0 (net)
                  0.07    0.00    0.88 v data_memory.process_for_mem[0].spad_inst/web0 (sky130_sram_2rw_64x128_64)
                                  0.88   data arrival time

                  0.15   50.00   50.00   clock clk' (rise edge)
                          0.00   50.00   clock network delay (ideal)
                         -0.25   49.75   clock uncertainty
                          0.00   49.75   clock reconvergence pessimism
                                 49.75 ^ data_memory.process_for_mem[0].spad_inst/clk0 (sky130_sram_2rw_64x128_64)
                         -0.10   49.65   library setup time
                                 49.65   data required time
-----------------------------------------------------------------------------
                                 49.65   data required time
                                 -0.88   data arrival time
-----------------------------------------------------------------------------
                                 48.76   slack (MET)



===========================================================================
report_checks --slack_max -0.01
============================================================================
No paths found.
